<?xml version="1.0" encoding="UTF-8"?>
<!-- Generated by org.testng.reporters.JUnitXMLReporter -->
<testsuite hostname="HPDB0273" name="Default test" tests="6" failures="0" timestamp="27 Jun 2018 09:24:28 GMT" time="10.923" errors="0">
  <testcase name="Step_01_Click_on_Basic" time="0.146" classname="Javascript.TatocTest"/>
  <testcase name="Step_02_Grid_Gate" time="0.428" classname="Javascript.TatocTest"/>
  <testcase name="Step_03_Frame_Dungeon" time="0.465" classname="Javascript.TatocTest"/>
  <testcase name="Step_04_Drag_Around" time="0.096" classname="Javascript.TatocTest"/>
  <testcase name="Step_05_Pop_Up" time="1.352" classname="Javascript.TatocTest"/>
  <testcase name="Step_06_TestCookieHandlingPage_page" time="0.095" classname="Javascript.TatocTest"/>
</testsuite> <!-- Default test -->
