<?xml version="1.0" encoding="UTF-8"?>
<testng-results skipped="0" failed="0" total="6" passed="6">
  <reporter-output>
  </reporter-output>
  <suite name="Default suite" duration-ms="10923" started-at="2018-06-27T09:24:17Z" finished-at="2018-06-27T09:24:28Z">
    <groups>
    </groups>
    <test name="Default test" duration-ms="10923" started-at="2018-06-27T09:24:17Z" finished-at="2018-06-27T09:24:28Z">
      <class name="Javascript.TatocTest">
        <test-method status="PASS" signature="LaunchBrowser()[pri:0, instance:Javascript.TatocTest@62ee68d8]" name="LaunchBrowser" is-config="true" duration-ms="8202" started-at="2018-06-27T14:54:17Z" finished-at="2018-06-27T14:54:25Z">
          <reporter-output>
          </reporter-output>
        </test-method> <!-- LaunchBrowser -->
        <test-method status="PASS" signature="Step_01_Click_on_Basic()[pri:0, instance:Javascript.TatocTest@62ee68d8]" name="Step_01_Click_on_Basic" duration-ms="146" started-at="2018-06-27T14:54:25Z" finished-at="2018-06-27T14:54:25Z">
          <reporter-output>
          </reporter-output>
        </test-method> <!-- Step_01_Click_on_Basic -->
        <test-method status="PASS" signature="Step_02_Grid_Gate()[pri:0, instance:Javascript.TatocTest@62ee68d8]" name="Step_02_Grid_Gate" duration-ms="428" started-at="2018-06-27T14:54:25Z" finished-at="2018-06-27T14:54:26Z">
          <reporter-output>
          </reporter-output>
        </test-method> <!-- Step_02_Grid_Gate -->
        <test-method status="PASS" signature="Step_03_Frame_Dungeon()[pri:0, instance:Javascript.TatocTest@62ee68d8]" name="Step_03_Frame_Dungeon" duration-ms="465" started-at="2018-06-27T14:54:26Z" finished-at="2018-06-27T14:54:26Z">
          <reporter-output>
          </reporter-output>
        </test-method> <!-- Step_03_Frame_Dungeon -->
        <test-method status="PASS" signature="Step_04_Drag_Around()[pri:0, instance:Javascript.TatocTest@62ee68d8]" name="Step_04_Drag_Around" duration-ms="96" started-at="2018-06-27T14:54:26Z" finished-at="2018-06-27T14:54:26Z">
          <reporter-output>
          </reporter-output>
        </test-method> <!-- Step_04_Drag_Around -->
        <test-method status="PASS" signature="Step_05_Pop_Up()[pri:0, instance:Javascript.TatocTest@62ee68d8]" name="Step_05_Pop_Up" duration-ms="1352" started-at="2018-06-27T14:54:26Z" finished-at="2018-06-27T14:54:28Z">
          <reporter-output>
          </reporter-output>
        </test-method> <!-- Step_05_Pop_Up -->
        <test-method status="PASS" signature="Step_06_TestCookieHandlingPage_page()[pri:0, instance:Javascript.TatocTest@62ee68d8]" name="Step_06_TestCookieHandlingPage_page" duration-ms="95" started-at="2018-06-27T14:54:28Z" finished-at="2018-06-27T14:54:28Z">
          <reporter-output>
          </reporter-output>
        </test-method> <!-- Step_06_TestCookieHandlingPage_page -->
        <test-method status="PASS" signature="closeBrowser()[pri:0, instance:Javascript.TatocTest@62ee68d8]" name="closeBrowser" is-config="true" duration-ms="114" started-at="2018-06-27T14:54:28Z" finished-at="2018-06-27T14:54:28Z">
          <reporter-output>
          </reporter-output>
        </test-method> <!-- closeBrowser -->
      </class> <!-- Javascript.TatocTest -->
    </test> <!-- Default test -->
  </suite> <!-- Default suite -->
</testng-results>
